app/build/intermediates/manifest_merge_blame_file/debug/processDebugMainManifest/manifest-merger-blame-debug-report.txt
1<?xml version="1.0" encoding="utf-8"?>
2<manifest xmlns:android="http://schemas.android.com/apk/res/android"
3    package="com.matthewblott.skribl"
4    android:versionCode="1"
5    android:versionName="1.0" >
6
7    <uses-sdk
7-->INJECTED
8        android:minSdkVersion="28"
8-->INJECTED
9        android:targetSdkVersion="37" />
9-->INJECTED
10
11    <uses-permission android:name="android.permission.INTERNET" />
11-->src/main/AndroidManifest.xml:4:3-65
11-->src/main/AndroidManifest.xml:4:20-62
12    <uses-permission android:name="android.permission.ACCESS_LOCAL_NETWORK" />
12-->src/main/AndroidManifest.xml:5:3-77
12-->src/main/AndroidManifest.xml:5:20-74
13
14    <permission
14-->[androidx.core:core:1.17.0] AndroidManifest.xml:22:5-24:47
15        android:name="com.matthewblott.skribl.DYNAMIC_RECEIVER_NOT_EXPORTED_PERMISSION"
15-->[androidx.core:core:1.17.0] AndroidManifest.xml:23:9-81
16        android:protectionLevel="signature" />
16-->[androidx.core:core:1.17.0] AndroidManifest.xml:24:9-44
17
18    <uses-permission android:name="com.matthewblott.skribl.DYNAMIC_RECEIVER_NOT_EXPORTED_PERMISSION" />
18-->[androidx.core:core:1.17.0] AndroidManifest.xml:26:5-97
18-->[androidx.core:core:1.17.0] AndroidManifest.xml:26:22-94
19
20    <application
20-->src/main/AndroidManifest.xml:6:3-30:17
21        android:name="com.matthewblott.skribl.Application"
21-->src/main/AndroidManifest.xml:7:5-32
22        android:allowBackup="true"
22-->src/main/AndroidManifest.xml:8:5-31
23        android:appComponentFactory="androidx.core.app.CoreComponentFactory"
23-->[androidx.core:core:1.17.0] AndroidManifest.xml:28:18-86
24        android:dataExtractionRules="@xml/data_extraction_rules"
24-->src/main/AndroidManifest.xml:9:5-61
25        android:debuggable="true"
26        android:extractNativeLibs="false"
26-->INJECTED
27        android:fullBackupContent="@xml/backup_rules"
27-->src/main/AndroidManifest.xml:10:5-50
28        android:icon="@mipmap/ic_launcher"
28-->src/main/AndroidManifest.xml:11:5-39
29        android:label="@string/app_name"
29-->src/main/AndroidManifest.xml:12:5-37
30        android:networkSecurityConfig="@xml/network_security_config"
30-->src/main/AndroidManifest.xml:13:5-65
31        android:roundIcon="@mipmap/ic_launcher_round"
31-->src/main/AndroidManifest.xml:14:5-50
32        android:supportsRtl="true"
32-->src/main/AndroidManifest.xml:15:5-31
33        android:testOnly="true"
34        android:theme="@style/Theme.Skribl"
34-->src/main/AndroidManifest.xml:16:5-40
35        android:usesCleartextTraffic="true" >
35-->src/main/AndroidManifest.xml:17:5-40
36        <activity
36-->src/main/AndroidManifest.xml:18:5-28:16
37            android:name="com.matthewblott.skribl.activities.UnauthenticatedActivity"
37-->src/main/AndroidManifest.xml:19:7-57
38            android:exported="true"
38-->src/main/AndroidManifest.xml:20:7-30
39            android:label="@string/app_name"
39-->src/main/AndroidManifest.xml:21:7-39
40            android:theme="@style/Theme.Skribl"
40-->src/main/AndroidManifest.xml:22:7-42
41            android:windowSoftInputMode="adjustResize" >
41-->src/main/AndroidManifest.xml:23:7-49
42            <intent-filter>
42-->src/main/AndroidManifest.xml:24:7-27:23
43                <action android:name="android.intent.action.MAIN" />
43-->src/main/AndroidManifest.xml:25:9-61
43-->src/main/AndroidManifest.xml:25:17-58
44
45                <category android:name="android.intent.category.LAUNCHER" />
45-->src/main/AndroidManifest.xml:26:9-69
45-->src/main/AndroidManifest.xml:26:19-66
46            </intent-filter>
47        </activity>
48        <activity android:name="com.matthewblott.skribl.activities.AuthenticatedActivity" />
48-->src/main/AndroidManifest.xml:29:5-66
48-->src/main/AndroidManifest.xml:29:15-63
49
50        <provider
50-->[dev.hotwire:core:1.3.1] AndroidManifest.xml:8:9-16:20
51            android:name="dev.hotwire.core.files.util.HotwireFileProvider"
51-->[dev.hotwire:core:1.3.1] AndroidManifest.xml:9:13-75
52            android:authorities="com.matthewblott.skribl.hotwire.fileprovider"
52-->[dev.hotwire:core:1.3.1] AndroidManifest.xml:10:13-72
53            android:exported="false"
53-->[dev.hotwire:core:1.3.1] AndroidManifest.xml:11:13-37
54            android:grantUriPermissions="true" >
54-->[dev.hotwire:core:1.3.1] AndroidManifest.xml:12:13-47
55            <meta-data
55-->[dev.hotwire:core:1.3.1] AndroidManifest.xml:13:13-15:63
56                android:name="android.support.FILE_PROVIDER_PATHS"
56-->[dev.hotwire:core:1.3.1] AndroidManifest.xml:14:17-67
57                android:resource="@xml/file_provider_paths" />
57-->[dev.hotwire:core:1.3.1] AndroidManifest.xml:15:17-60
58        </provider>
59
60        <meta-data
60-->[com.google.android.gms:play-services-basement:18.4.0] AndroidManifest.xml:6:9-122
61            android:name="com.google.android.gms.version"
61-->[com.google.android.gms:play-services-basement:18.4.0] AndroidManifest.xml:6:20-65
62            android:value="@integer/google_play_services_version" />
62-->[com.google.android.gms:play-services-basement:18.4.0] AndroidManifest.xml:6:66-119
63
64        <activity
64-->[androidx.compose.ui:ui-tooling-android:1.11.3] AndroidManifest.xml:23:9-25:39
65            android:name="androidx.compose.ui.tooling.PreviewActivity"
65-->[androidx.compose.ui:ui-tooling-android:1.11.3] AndroidManifest.xml:24:13-71
66            android:exported="true" />
66-->[androidx.compose.ui:ui-tooling-android:1.11.3] AndroidManifest.xml:25:13-36
67
68        <uses-library
68-->[androidx.window:window:1.5.0] AndroidManifest.xml:23:9-25:40
69            android:name="androidx.window.extensions"
69-->[androidx.window:window:1.5.0] AndroidManifest.xml:24:13-54
70            android:required="false" />
70-->[androidx.window:window:1.5.0] AndroidManifest.xml:25:13-37
71        <uses-library
71-->[androidx.window:window:1.5.0] AndroidManifest.xml:26:9-28:40
72            android:name="androidx.window.sidecar"
72-->[androidx.window:window:1.5.0] AndroidManifest.xml:27:13-51
73            android:required="false" />
73-->[androidx.window:window:1.5.0] AndroidManifest.xml:28:13-37
74
75        <provider
75-->[androidx.emoji2:emoji2:1.4.0] AndroidManifest.xml:24:9-32:20
76            android:name="androidx.startup.InitializationProvider"
76-->[androidx.emoji2:emoji2:1.4.0] AndroidManifest.xml:25:13-67
77            android:authorities="com.matthewblott.skribl.androidx-startup"
77-->[androidx.emoji2:emoji2:1.4.0] AndroidManifest.xml:26:13-68
78            android:exported="false" >
78-->[androidx.emoji2:emoji2:1.4.0] AndroidManifest.xml:27:13-37
79            <meta-data
79-->[androidx.emoji2:emoji2:1.4.0] AndroidManifest.xml:29:13-31:52
80                android:name="androidx.emoji2.text.EmojiCompatInitializer"
80-->[androidx.emoji2:emoji2:1.4.0] AndroidManifest.xml:30:17-75
81                android:value="androidx.startup" />
81-->[androidx.emoji2:emoji2:1.4.0] AndroidManifest.xml:31:17-49
82            <meta-data
82-->[androidx.lifecycle:lifecycle-process:2.9.4] AndroidManifest.xml:29:13-31:52
83                android:name="androidx.lifecycle.ProcessLifecycleInitializer"
83-->[androidx.lifecycle:lifecycle-process:2.9.4] AndroidManifest.xml:30:17-78
84                android:value="androidx.startup" />
84-->[androidx.lifecycle:lifecycle-process:2.9.4] AndroidManifest.xml:31:17-49
85            <meta-data
85-->[com.squareup.okhttp3:okhttp-android:5.3.2] AndroidManifest.xml:16:13-18:52
86                android:name="okhttp3.internal.platform.PlatformInitializer"
86-->[com.squareup.okhttp3:okhttp-android:5.3.2] AndroidManifest.xml:17:17-77
87                android:value="androidx.startup" />
87-->[com.squareup.okhttp3:okhttp-android:5.3.2] AndroidManifest.xml:18:17-49
88            <meta-data
88-->[androidx.profileinstaller:profileinstaller:1.4.0] AndroidManifest.xml:29:13-31:52
89                android:name="androidx.profileinstaller.ProfileInstallerInitializer"
89-->[androidx.profileinstaller:profileinstaller:1.4.0] AndroidManifest.xml:30:17-85
90                android:value="androidx.startup" />
90-->[androidx.profileinstaller:profileinstaller:1.4.0] AndroidManifest.xml:31:17-49
91        </provider>
92
93        <receiver
93-->[androidx.profileinstaller:profileinstaller:1.4.0] AndroidManifest.xml:34:9-52:20
94            android:name="androidx.profileinstaller.ProfileInstallReceiver"
94-->[androidx.profileinstaller:profileinstaller:1.4.0] AndroidManifest.xml:35:13-76
95            android:directBootAware="false"
95-->[androidx.profileinstaller:profileinstaller:1.4.0] AndroidManifest.xml:36:13-44
96            android:enabled="true"
96-->[androidx.profileinstaller:profileinstaller:1.4.0] AndroidManifest.xml:37:13-35
97            android:exported="true"
97-->[androidx.profileinstaller:profileinstaller:1.4.0] AndroidManifest.xml:38:13-36
98            android:permission="android.permission.DUMP" >
98-->[androidx.profileinstaller:profileinstaller:1.4.0] AndroidManifest.xml:39:13-57
99            <intent-filter>
99-->[androidx.profileinstaller:profileinstaller:1.4.0] AndroidManifest.xml:40:13-42:29
100                <action android:name="androidx.profileinstaller.action.INSTALL_PROFILE" />
100-->[androidx.profileinstaller:profileinstaller:1.4.0] AndroidManifest.xml:41:17-91
100-->[androidx.profileinstaller:profileinstaller:1.4.0] AndroidManifest.xml:41:25-88
101            </intent-filter>
102            <intent-filter>
102-->[androidx.profileinstaller:profileinstaller:1.4.0] AndroidManifest.xml:43:13-45:29
103                <action android:name="androidx.profileinstaller.action.SKIP_FILE" />
103-->[androidx.profileinstaller:profileinstaller:1.4.0] AndroidManifest.xml:44:17-85
103-->[androidx.profileinstaller:profileinstaller:1.4.0] AndroidManifest.xml:44:25-82
104            </intent-filter>
105            <intent-filter>
105-->[androidx.profileinstaller:profileinstaller:1.4.0] AndroidManifest.xml:46:13-48:29
106                <action android:name="androidx.profileinstaller.action.SAVE_PROFILE" />
106-->[androidx.profileinstaller:profileinstaller:1.4.0] AndroidManifest.xml:47:17-88
106-->[androidx.profileinstaller:profileinstaller:1.4.0] AndroidManifest.xml:47:25-85
107            </intent-filter>
108            <intent-filter>
108-->[androidx.profileinstaller:profileinstaller:1.4.0] AndroidManifest.xml:49:13-51:29
109                <action android:name="androidx.profileinstaller.action.BENCHMARK_OPERATION" />
109-->[androidx.profileinstaller:profileinstaller:1.4.0] AndroidManifest.xml:50:17-95
109-->[androidx.profileinstaller:profileinstaller:1.4.0] AndroidManifest.xml:50:25-92
110            </intent-filter>
111        </receiver> <!-- The activities will be merged into the manifest of the hosting app. -->
112        <activity
112-->[com.google.android.play:core-common:2.0.4] AndroidManifest.xml:14:9-18:65
113            android:name="com.google.android.play.core.common.PlayCoreDialogWrapperActivity"
113-->[com.google.android.play:core-common:2.0.4] AndroidManifest.xml:15:13-93
114            android:exported="false"
114-->[com.google.android.play:core-common:2.0.4] AndroidManifest.xml:16:13-37
115            android:stateNotNeeded="true"
115-->[com.google.android.play:core-common:2.0.4] AndroidManifest.xml:17:13-42
116            android:theme="@style/Theme.PlayCore.Transparent" />
116-->[com.google.android.play:core-common:2.0.4] AndroidManifest.xml:18:13-62
117    </application>
118
119</manifest>